\BOOKMARK [1][-]{Doc-Start}{\376\377\000A\000b\000s\000t\000r\000a\000c\000t}{}% 1
\BOOKMARK [1][-]{chapter*.1}{\376\377\000L\000i\000s\000t\000\040\000o\000f\000\040\000T\000a\000b\000l\000e\000s}{}% 2
\BOOKMARK [1][-]{chapter*.2}{\376\377\000L\000i\000s\000t\000\040\000o\000f\000\040\000F\000i\000g\000u\000r\000e\000s}{}% 3
\BOOKMARK [1][-]{section*.4}{\376\377\000I\000n\000t\000r\000o\000d\000u\000c\000t\000i\000o\000n}{}% 4
\BOOKMARK [1][-]{section*.9}{\376\377\000A\000c\000k\000n\000o\000w\000l\000e\000d\000g\000e\000m\000e\000n\000t\000s}{}% 5
\BOOKMARK [1][-]{section*.10}{\376\377\000D\000e\000c\000l\000a\000r\000a\000t\000i\000o\000n\000s}{}% 6
\BOOKMARK [0][-]{chapter.1}{\376\377\000P\000r\000e\000l\000i\000m\000i\000n\000a\000r\000i\000e\000s}{}% 7
\BOOKMARK [1][-]{section.1.1}{\376\377\000R\000a\000n\000d\000o\000m\000\040\000W\000a\000l\000k\000s\000\040\000o\000n\000\040\000F\000i\000n\000i\000t\000e\000\040\000G\000r\000o\000u\000p\000s}{chapter.1}% 8
\BOOKMARK [2][-]{subsection.1.1.1}{\376\377\000M\000a\000r\000k\000o\000v\000\040\000C\000h\000a\000i\000n\000s\000\040\000f\000r\000o\000m\000\040\000R\000a\000n\000d\000o\000m\000\040\000W\000a\000l\000k\000s}{section.1.1}% 9
\BOOKMARK [2][-]{subsection.1.1.2}{\376\377\000C\000o\000n\000v\000e\000r\000g\000e\000n\000c\000e\000\040\000t\000o\000\040\000a\000\040\000S\000t\000a\000t\000i\000o\000n\000a\000r\000y\000\040\000D\000i\000s\000t\000r\000i\000b\000u\000t\000i\000o\000n}{section.1.1}% 10
\BOOKMARK [2][-]{subsection.1.1.3}{\376\377\000T\000h\000e\000\040\000C\000u\000t\000o\000f\000f\000\040\000P\000h\000e\000n\000o\000m\000e\000n\000o\000n}{section.1.1}% 11
\BOOKMARK [1][-]{section.1.2}{\376\377\000R\000e\000p\000r\000e\000s\000e\000n\000t\000a\000t\000i\000o\000n\000s\000,\000\040\000M\000o\000d\000u\000l\000e\000s\000,\000\040\000a\000n\000d\000\040\000A\000p\000p\000l\000i\000c\000a\000t\000i\000o\000n\000s\000\040\000t\000o\000\040\000R\000a\000n\000d\000o\000m\000\040\000W\000a\000l\000k\000s}{chapter.1}% 12
\BOOKMARK [2][-]{subsection.1.2.1}{\376\377\000R\000e\000p\000r\000e\000s\000e\000n\000t\000a\000t\000i\000o\000n\000s\000,\000\040\000C\000h\000a\000r\000a\000c\000t\000e\000r\000s\000\040\000a\000n\000d\000\040\000M\000o\000d\000u\000l\000e\000s}{section.1.2}% 13
\BOOKMARK [2][-]{subsection.1.2.2}{\376\377\000D\000i\000s\000c\000r\000e\000t\000e\000\040\000F\000o\000u\000r\000i\000e\000r\000\040\000T\000r\000a\000n\000s\000f\000o\000r\000m\000s}{section.1.2}% 14
\BOOKMARK [2][-]{subsection.1.2.3}{\376\377\000T\000h\000e\000\040\000U\000p\000p\000e\000r\000\040\000B\000o\000u\000n\000d\000\040\000L\000e\000m\000m\000a}{section.1.2}% 15
\BOOKMARK [0][-]{chapter.2}{\376\377\000T\000h\000e\000\040\000S\000y\000m\000m\000e\000t\000r\000i\000c\000\040\000G\000r\000o\000u\000p\000\040\000a\000n\000d\000\040\000i\000t\000s\000\040\000M\000o\000d\000u\000l\000e\000s}{}% 16
\BOOKMARK [1][-]{section.2.1}{\376\377\000T\000h\000e\000\040\000S\000y\000m\000m\000e\000t\000r\000i\000c\000\040\000G\000r\000o\000u\000p}{chapter.2}% 17
\BOOKMARK [1][-]{section.2.2}{\376\377\000T\000h\000e\000\040\000S\000t\000r\000u\000c\000t\000u\000r\000e\000\040\000o\000f\000\040\000M\000o\000d\000u\000l\000e\000s\000\040\000f\000o\000r\000\040\000T\000h\000e\000\040\000S\000y\000m\000m\000e\000t\000r\000i\000c\000\040\000G\000r\000o\000u\000p}{chapter.2}% 18
\BOOKMARK [2][-]{subsection.2.2.1}{\376\377\000Y\000o\000u\000n\000g\000\040\000D\000i\000a\000g\000r\000a\000m\000s}{section.2.2}% 19
\BOOKMARK [2][-]{subsection.2.2.2}{\376\377\000Y\000o\000u\000n\000g\000\040\000T\000a\000b\000l\000e\000a\000u\000x}{section.2.2}% 20
\BOOKMARK [2][-]{subsection.2.2.3}{\376\377\000P\000e\000r\000m\000u\000t\000a\000t\000i\000o\000n\000\040\000M\000o\000d\000u\000l\000e\000s}{section.2.2}% 21
\BOOKMARK [2][-]{subsection.2.2.4}{\376\377\000S\000p\000e\000c\000h\000t\000\040\000M\000o\000d\000u\000l\000e\000s}{section.2.2}% 22
\BOOKMARK [2][-]{subsection.2.2.5}{\376\377\000B\000r\000a\000n\000c\000h\000i\000n\000g\000\040\000R\000u\000l\000e\000s\000\040\000f\000o\000r\000\040\000S\000p\000e\000c\000h\000t\000\040\000M\000o\000d\000u\000l\000e\000s}{section.2.2}% 23
\BOOKMARK [2][-]{subsection.2.2.6}{\376\377\000S\000w\000i\000t\000c\000h\000i\000n\000g\000\040\000t\000o\000\040\000W\000o\000r\000d\000s\000\040}{section.2.2}% 24
\BOOKMARK [1][-]{section.2.3}{\376\377\000R\000a\000n\000d\000o\000m\000\040\000W\000a\000l\000k\000s\000\040\000o\000n\000\040\000T\000h\000e\000\040\000S\000y\000m\000m\000e\000t\000r\000i\000c\000\040\000G\000r\000o\000u\000p}{chapter.2}% 25
\BOOKMARK [2][-]{subsection.2.3.1}{\376\377\000T\000h\000e\000\040\000R\000a\000n\000d\000o\000m\000\040\000T\000r\000a\000n\000s\000p\000o\000s\000i\000t\000i\000o\000n\000\040\000S\000h\000u\000f\000f\000l\000e}{section.2.3}% 26
\BOOKMARK [2][-]{subsection.2.3.2}{\376\377\000T\000h\000e\000\040\000T\000o\000p\000-\000t\000o\000-\000R\000a\000n\000d\000o\000m\000\040\000S\000h\000u\000f\000f\000l\000e}{section.2.3}% 27
\BOOKMARK [2][-]{subsection.2.3.3}{\376\377\000T\000h\000e\000\040\000R\000a\000n\000d\000o\000m\000-\000t\000o\000-\000R\000a\000n\000d\000o\000m\000\040\000S\000h\000u\000f\000f\000l\000e}{section.2.3}% 28
\BOOKMARK [0][-]{chapter.3}{\376\377\000T\000h\000e\000\040\000O\000n\000e\000-\000s\000i\000d\000e\000d\000\040\000T\000r\000a\000n\000s\000p\000o\000s\000i\000t\000i\000o\000n\000\040\000S\000h\000u\000f\000f\000l\000e}{}% 29
\BOOKMARK [1][-]{section.3.1}{\376\377\000M\000a\000i\000n\000\040\000R\000e\000s\000u\000l\000t\000s}{chapter.3}% 30
\BOOKMARK [1][-]{section.3.2}{\376\377\000L\000i\000f\000t\000i\000n\000g\000\040\000E\000i\000g\000e\000n\000v\000e\000c\000t\000o\000r\000s\000\040\000f\000o\000r\000\040\000T\000r\000a\000n\000s\000p\000o\000s\000i\000t\000i\000o\000n\000\040\000S\000h\000u\000f\000f\000l\000e\000s}{chapter.3}% 31
\BOOKMARK [2][-]{subsection.3.2.1}{\376\377\000L\000i\000f\000t\000i\000n\000g\000\040\000E\000i\000g\000e\000n\000v\000e\000c\000t\000o\000r\000s\000\040\000f\000o\000r\000\040\000t\000h\000e\000\040\000O\000n\000e\000-\000s\000i\000d\000e\000d\000\040\000T\000r\000a\000n\000s\000p\000o\000s\000i\000t\000i\000o\000n\000\040\000S\000h\000u\000f\000f\000l\000e}{section.3.2}% 32
\BOOKMARK [2][-]{subsection.3.2.2}{\376\377\000L\000i\000f\000t\000i\000n\000g\000\040\000E\000i\000g\000e\000n\000v\000e\000c\000t\000o\000r\000s\000\040\000f\000o\000r\000\040\000t\000h\000e\000\040\000R\000a\000n\000d\000o\000m\000\040\000T\000r\000a\000n\000s\000p\000o\000s\000i\000t\000i\000o\000n\000\040\000S\000h\000u\000f\000f\000l\000e}{section.3.2}% 33
\BOOKMARK [1][-]{section.3.3}{\376\377\000E\000i\000g\000e\000n\000v\000a\000l\000u\000e\000s\000\040\000A\000n\000a\000l\000y\000s\000i\000s}{chapter.3}% 34
\BOOKMARK [1][-]{section.3.4}{\376\377\000U\000p\000p\000e\000r\000\040\000B\000o\000u\000n\000d\000\040\000f\000o\000r\000\040\000t\000h\000e\000\040\000O\000n\000e\000-\000s\000i\000d\000e\000d\000\040\000T\000r\000a\000n\000s\000p\000o\000s\000i\000t\000i\000o\000n\000\040\000S\000h\000u\000f\000f\000l\000e}{chapter.3}% 35
\BOOKMARK [2][-]{subsection.3.4.1}{\376\377\000L\000a\000r\000g\000e\000\040\000P\000a\000r\000t\000i\000t\000i\000o\000n\000s}{section.3.4}% 36
\BOOKMARK [2][-]{subsection.3.4.2}{\376\377\000S\000m\000a\000l\000l\000\040\000P\000a\000r\000t\000i\000t\000i\000o\000n\000s}{section.3.4}% 37
\BOOKMARK [1][-]{section.3.5}{\376\377\000L\000o\000w\000e\000r\000\040\000B\000o\000u\000n\000d\000\040\000f\000o\000r\000\040\000t\000h\000e\000\040\000O\000n\000e\000-\000s\000i\000d\000e\000d\000\040\000T\000r\000a\000n\000s\000p\000o\000s\000i\000t\000i\000o\000n\000\040\000S\000h\000u\000f\000f\000l\000e}{chapter.3}% 38
\BOOKMARK [1][-]{section.3.6}{\376\377\000B\000i\000a\000s\000e\000d\000\040\000O\000n\000e\000-\000s\000i\000d\000e\000d\000\040\000T\000r\000a\000n\000s\000p\000o\000s\000i\000t\000i\000o\000n\000\040\000s\000h\000u\000f\000f\000l\000e\000s}{chapter.3}% 39
\BOOKMARK [2][-]{subsection.3.6.1}{\376\377\000C\000u\000t\000o\000f\000f\000\040\000f\000o\000r\000\040\000B\000i\000a\000s\000e\000d\000\040\000O\000n\000e\000-\000s\000i\000d\000e\000d\000\040\000T\000r\000a\000n\000s\000p\000o\000s\000i\000t\000i\000o\000n\000\040\000S\000h\000u\000f\000f\000l\000e\000s\000\040\000w\000i\000t\000h\000\040\0001}{section.3.6}% 40
\BOOKMARK [2][-]{subsection.3.6.2}{\376\377\000C\000u\000t\000o\000f\000f\000\040\000f\000o\000r\000\040\000B\000i\000a\000s\000e\000d\000\040\000O\000n\000e\000-\000s\000i\000d\000e\000d\000\040\000T\000r\000a\000n\000s\000p\000o\000s\000i\000t\000i\000o\000n\000\040\000S\000h\000u\000f\000f\000l\000e\000s\000\040\000w\000i\000t\000h\000\040\0001}{section.3.6}% 41
\BOOKMARK [2][-]{subsection.3.6.3}{\376\377\000C\000u\000t\000o\000f\000f\000\040\000f\000o\000r\000\040\000B\000i\000a\000s\000e\000d\000\040\000O\000n\000e\000-\000s\000i\000d\000e\000d\000\040\000T\000r\000a\000n\000s\000p\000o\000s\000i\000t\000i\000o\000n\000\040\000S\000h\000u\000f\000f\000l\000e\000s\000\040\000w\000i\000t\000h\000\040\000G\000e\000n\000e\000r\000a\000l\000\040\000W\000e\000i\000g\000h\000t\000\040\000F\000u\000n\000c\000t\000i\000o\000n\000s}{section.3.6}% 42
\BOOKMARK [1][-]{section.3.7}{\376\377\000S\000e\000p\000a\000r\000a\000t\000i\000o\000n\000\040\000D\000i\000s\000t\000a\000n\000c\000e\000\040\000f\000o\000r\000\040\000t\000h\000e\000\040\000O\000n\000e\000-\000s\000i\000d\000e\000d\000\040\000T\000r\000a\000n\000s\000p\000o\000s\000i\000t\000i\000o\000n\000\040\000S\000h\000u\000f\000f\000l\000e}{chapter.3}% 43
\BOOKMARK [2][-]{subsection.3.7.1}{\376\377\000C\000u\000t\000o\000f\000f\000\040\000f\000o\000r\000\040\000t\000h\000e\000\040\000U\000n\000b\000i\000a\000s\000e\000d\000\040\000O\000n\000e\000-\000s\000i\000d\000e\000d\000\040\000T\000r\000a\000n\000s\000p\000o\000s\000i\000t\000i\000o\000n\000\040\000S\000h\000u\000f\000f\000l\000e}{section.3.7}% 44
\BOOKMARK [2][-]{subsection.3.7.2}{\376\377\000G\000e\000n\000e\000r\000a\000l\000i\000s\000i\000n\000g\000\040\000f\000o\000r\000\040\000B\000i\000a\000s\000e\000d\000\040\000O\000n\000e\000-\000s\000i\000d\000e\000d\000\040\000T\000r\000a\000n\000s\000p\000o\000s\000i\000t\000i\000o\000n\000\040\000S\000h\000u\000f\000f\000l\000e\000s}{section.3.7}% 45
\BOOKMARK [0][-]{chapter.4}{\376\377\000T\000h\000e\000\040\000H\000y\000p\000e\000r\000o\000c\000t\000a\000h\000e\000d\000r\000a\000l\000\040\000G\000r\000o\000u\000p\000\040\000a\000n\000d\000\040\000R\000a\000n\000d\000o\000m\000\040\000W\000a\000l\000k\000s}{}% 46
\BOOKMARK [1][-]{section.4.1}{\376\377\000T\000h\000e\000\040\000H\000y\000p\000e\000r\000o\000c\000t\000a\000h\000e\000d\000r\000a\000l\000\040\000G\000r\000o\000u\000p}{chapter.4}% 47
\BOOKMARK [1][-]{section.4.2}{\376\377\000T\000h\000e\000\040\000S\000t\000r\000u\000c\000t\000u\000r\000e\000\040\000o\000f\000\040\000M\000o\000d\000u\000l\000e\000s\000\040\000f\000o\000r\000\040\000t\000h\000e\000\040\000H\000y\000p\000e\000r\000o\000c\000t\000a\000h\000e\000d\000r\000a\000l\000\040\000G\000r\000o\000u\000p\000.}{chapter.4}% 48
\BOOKMARK [2][-]{subsection.4.2.1}{\376\377\000B\000i\000-\000p\000a\000r\000t\000i\000t\000i\000o\000n\000s}{section.4.2}% 49
\BOOKMARK [2][-]{subsection.4.2.2}{\376\377\000B\000i\000-\000t\000a\000b\000l\000e\000a\000u\000x}{section.4.2}% 50
\BOOKMARK [2][-]{subsection.4.2.3}{\376\377\000T\000h\000e\000\040\000M\000o\000d\000u\000l\000e\000\040\000S\000t\000r\000u\000c\000t\000u\000r\000e\000\040\000o\000f\000\040\000t\000h\000e\000\040\000H\000y\000p\000e\000r\000o\000c\000t\000a\000h\000e\000d\000r\000a\000l\000\040\000G\000r\000o\000u\000p}{section.4.2}% 51
\BOOKMARK [2][-]{subsection.4.2.4}{\376\377\000S\000w\000i\000t\000c\000h\000i\000n\000g\000\040\000t\000o\000\040\000W\000o\000r\000d\000s}{section.4.2}% 52
\BOOKMARK [1][-]{section.4.3}{\376\377\000T\000h\000e\000\040\000R\000a\000n\000d\000o\000m\000\040\000T\000r\000a\000n\000s\000p\000o\000s\000i\000t\000i\000o\000n\000\040\000S\000h\000u\000f\000f\000l\000e\000\040\000o\000n\000\040\000T\000h\000e\000\040\000H\000y\000p\000e\000r\000o\000c\000t\000a\000h\000e\000d\000r\000a\000l\000\040\000G\000r\000o\000u\000p}{chapter.4}% 53
\BOOKMARK [2][-]{subsection.4.3.1}{\376\377\000U\000p\000p\000e\000r\000\040\000B\000o\000u\000n\000d\000\040\000f\000o\000r\000\040\000t\000h\000e\000\040\000R\000a\000n\000d\000o\000m\000\040\000T\000r\000a\000n\000s\000p\000o\000s\000i\000t\000i\000o\000n\000\040\000S\000h\000u\000f\000f\000l\000e}{section.4.3}% 54
\BOOKMARK [2][-]{subsection.4.3.2}{\376\377\000L\000i\000f\000t\000i\000n\000g\000\040\000E\000i\000g\000e\000n\000v\000e\000c\000t\000o\000r\000s\000\040\000f\000o\000r\000\040\000t\000h\000e\000\040\000R\000a\000n\000d\000o\000m\000\040\000T\000r\000a\000n\000s\000p\000o\000s\000i\000t\000i\000o\000n\000\040\000S\000h\000u\000f\000f\000l\000e}{section.4.3}% 55
\BOOKMARK [1][-]{section.4.4}{\376\377\000O\000n\000e\000-\000s\000i\000d\000e\000d\000\040\000T\000r\000a\000n\000s\000p\000o\000s\000i\000t\000i\000o\000n\000\040\000S\000h\000u\000f\000f\000l\000e\000s\000\040\000o\000n\000\040\000T\000h\000e\000\040\000H\000y\000p\000e\000r\000o\000c\000t\000a\000h\000e\000d\000r\000a\000l\000\040\000G\000r\000o\000u\000p}{chapter.4}% 56
\BOOKMARK [2][-]{subsection.4.4.1}{\376\377\000L\000i\000f\000t\000i\000n\000g\000\040\000E\000i\000g\000e\000n\000v\000e\000c\000t\000o\000r\000s\000\040\000f\000o\000r\000\040\000O\000n\000e\000-\000s\000i\000d\000e\000d\000\040\000T\000r\000a\000n\000s\000p\000o\000s\000i\000t\000i\000o\000n\000\040\000S\000h\000u\000f\000f\000l\000e\000s}{section.4.4}% 57
\BOOKMARK [2][-]{subsection.4.4.2}{\376\377\000A\000\040\000S\000t\000r\000o\000n\000g\000\040\000S\000t\000a\000t\000i\000o\000n\000a\000r\000y\000\040\000T\000i\000m\000e\000\040\000f\000o\000r\000\040\000t\000h\000e\000\040\000U\000n\000b\000i\000a\000s\000e\000d\000\040\000O\000n\000e\000-\000s\000i\000d\000e\000d\000\040\000T\000r\000a\000n\000s\000p\000o\000s\000i\000t\000i\000o\000n\000\040\000S\000h\000u\000f\000f\000l\000e\000\040\000o\000n\000\040\000T\000h\000e\000\040\000H\000y\000p\000e\000r\000o\000c\000t\000a\000h\000e\000d\000r\000a\000l\000\040\000G\000r\000o\000u\000p\000.}{section.4.4}% 58
\BOOKMARK [1][-]{section.4.5}{\376\377\000F\000u\000r\000t\000h\000e\000r\000\040\000W\000o\000r\000k}{chapter.4}% 59
\BOOKMARK [0][-]{equation.4.5.53}{\376\377\000B\000i\000b\000l\000i\000o\000g\000r\000a\000p\000h\000y}{}% 60
