\BOOKMARK [0][-]{chapter.1}{\376\377\000C\000o\000n\000v\000e\000n\000t\000i\000o\000n\000s\000\040\000a\000n\000d\000\040\000N\000o\000t\000a\000t\000i\000o\000n}{}% 3
\BOOKMARK [0][-]{chapter.2}{\376\377\000I\000n\000t\000r\000o\000d\000u\000c\000t\000i\000o\000n}{}% 4
\BOOKMARK [0][-]{chapter.3}{\376\377\000C\000o\000m\000b\000i\000n\000a\000t\000o\000r\000i\000a\000l\000\040\000S\000t\000r\000u\000c\000t\000u\000r\000e\000s}{}% 5
\BOOKMARK [1][-]{section.3.1}{\376\377\000P\000a\000r\000t\000i\000a\000l\000l\000y\000\040\000O\000r\000d\000e\000r\000e\000d\000\040\000S\000e\000t\000s}{chapter.3}% 6
\BOOKMARK [2][-]{subsection.3.1.1}{\376\377\000L\000i\000n\000e\000a\000r\000\040\000E\000x\000t\000e\000n\000s\000i\000o\000n\000s}{section.3.1}% 7
\BOOKMARK [2][-]{subsection.3.1.2}{\376\377\000L\000a\000t\000t\000i\000c\000e\000s}{section.3.1}% 8
\BOOKMARK [1][-]{section.3.2}{\376\377\000G\000r\000a\000p\000h\000\040\000T\000h\000e\000o\000r\000y}{chapter.3}% 9
\BOOKMARK [2][-]{subsection.3.2.1}{\376\377\000S\000p\000e\000c\000t\000r\000a\000l\000\040\000G\000r\000a\000p\000h\000\040\000T\000h\000e\000o\000r\000y}{section.3.2}% 10
\BOOKMARK [1][-]{section.3.3}{\376\377\000M\000a\000t\000r\000o\000i\000d\000s}{chapter.3}% 11
\BOOKMARK [2][-]{subsection.3.3.1}{\376\377\000I\000n\000d\000e\000p\000e\000n\000d\000e\000n\000t\000\040\000S\000e\000t\000s}{section.3.3}% 12
\BOOKMARK [2][-]{subsection.3.3.2}{\376\377\000B\000a\000s\000e\000s}{section.3.3}% 13
\BOOKMARK [2][-]{subsection.3.3.3}{\376\377\000R\000a\000n\000k\000\040\000F\000u\000n\000c\000t\000i\000o\000n\000s}{section.3.3}% 14
\BOOKMARK [2][-]{subsection.3.3.4}{\376\377\000C\000l\000o\000s\000u\000r\000e\000\040\000O\000p\000e\000r\000a\000t\000o\000r\000s\000\040\000a\000n\000d\000\040\000L\000a\000t\000t\000i\000c\000e\000\040\000o\000f\000\040\000F\000l\000a\000t\000s}{section.3.3}% 15
\BOOKMARK [2][-]{subsection.3.3.5}{\376\377\000L\000o\000o\000p\000s\000\040\000a\000n\000d\000\040\000P\000a\000r\000a\000l\000l\000e\000l\000\040\000E\000l\000e\000m\000e\000n\000t\000s}{section.3.3}% 16
\BOOKMARK [2][-]{subsection.3.3.6}{\376\377\000C\000o\000n\000t\000r\000a\000c\000t\000i\000o\000n\000\040\000a\000n\000d\000\040\000D\000e\000l\000e\000t\000i\000o\000n}{section.3.3}% 17
\BOOKMARK [2][-]{subsection.3.3.7}{\376\377\000R\000e\000g\000u\000l\000a\000r\000\040\000M\000a\000t\000r\000o\000i\000d\000s}{section.3.3}% 18
\BOOKMARK [1][-]{section.3.4}{\376\377\000M\000i\000x\000e\000d\000\040\000D\000i\000s\000c\000r\000i\000m\000i\000n\000a\000n\000t\000s}{chapter.3}% 19
\BOOKMARK [2][-]{subsection.3.4.1}{\376\377\000P\000o\000l\000a\000r\000i\000z\000a\000t\000i\000o\000n\000\040\000F\000o\000r\000m}{section.3.4}% 20
\BOOKMARK [2][-]{subsection.3.4.2}{\376\377\000P\000o\000s\000i\000t\000i\000v\000i\000t\000y}{section.3.4}% 21
\BOOKMARK [1][-]{section.3.5}{\376\377\000C\000o\000n\000v\000e\000x\000\040\000B\000o\000d\000i\000e\000s}{chapter.3}% 22
\BOOKMARK [2][-]{subsection.3.5.1}{\376\377\000M\000i\000x\000e\000d\000\040\000V\000o\000l\000u\000m\000e\000s}{section.3.5}% 23
\BOOKMARK [0][-]{chapter.4}{\376\377\000M\000e\000c\000h\000a\000n\000i\000s\000m\000s\000\040\000f\000o\000r\000\040\000L\000o\000g\000-\000c\000o\000n\000c\000a\000v\000i\000t\000y}{}% 24
\BOOKMARK [1][-]{section.4.1}{\376\377\000L\000o\000g\000-\000C\000o\000n\000c\000a\000v\000i\000t\000y\000\040\000a\000n\000d\000\040\000U\000l\000t\000r\000a\000\040\000L\000o\000g\000-\000C\000o\000n\000c\000a\000v\000i\000t\000y}{chapter.4}% 25
\BOOKMARK [1][-]{section.4.2}{\376\377\000A\000l\000e\000x\000a\000n\000d\000r\000o\000v\000'\000s\000\040\000I\000n\000e\000q\000u\000a\000l\000i\000t\000y\000\040\000f\000o\000r\000\040\000M\000i\000x\000e\000d\000\040\000D\000i\000s\000c\000r\000i\000m\000i\000n\000a\000n\000t\000s}{chapter.4}% 26
\BOOKMARK [1][-]{section.4.3}{\376\377\000A\000l\000e\000x\000a\000n\000d\000r\000o\000v\000-\000F\000e\000n\000c\000h\000e\000l\000\040\000I\000n\000e\000q\000u\000a\000l\000i\000t\000y}{chapter.4}% 27
\BOOKMARK [1][-]{section.4.4}{\376\377\000L\000o\000r\000e\000n\000t\000z\000i\000a\000n\000\040\000P\000o\000l\000y\000n\000o\000m\000i\000a\000l\000s}{chapter.4}% 28
\BOOKMARK [1][-]{section.4.5}{\376\377\000C\000o\000m\000b\000i\000n\000a\000t\000o\000r\000i\000a\000l\000\040\000A\000t\000l\000a\000s}{chapter.4}% 29
\BOOKMARK [0][-]{chapter.5}{\376\377\000L\000o\000g\000-\000c\000o\000n\000c\000a\000v\000i\000t\000y\000\040\000R\000e\000s\000u\000l\000t\000s\000\040\000f\000o\000r\000\040\000P\000o\000s\000e\000t\000s\000\040\000a\000n\000d\000\040\000M\000a\000t\000r\000o\000i\000d\000s}{}% 30
\BOOKMARK [1][-]{section.5.1}{\376\377\000S\000t\000a\000n\000l\000e\000y\000'\000s\000\040\000P\000o\000s\000e\000t\000\040\000I\000n\000e\000q\000u\000a\000l\000i\000t\000y}{chapter.5}% 31
\BOOKMARK [1][-]{section.5.2}{\376\377\000S\000t\000a\000n\000l\000e\000y\000'\000s\000\040\000M\000a\000t\000r\000o\000i\000d\000\040\000I\000n\000e\000q\000u\000a\000l\000i\000t\000y}{chapter.5}% 32
\BOOKMARK [1][-]{section.5.3}{\376\377\000K\000a\000h\000n\000-\000S\000a\000k\000s\000\040\000I\000n\000e\000q\000u\000a\000l\000i\000t\000y}{chapter.5}% 33
\BOOKMARK [0][-]{chapter.6}{\376\377\000H\000a\000r\000d\000\040\000L\000e\000f\000s\000c\000h\000e\000t\000z\000\040\000P\000r\000o\000p\000e\000r\000t\000y\000\040\000a\000n\000d\000\040\000H\000o\000d\000g\000e\000-\000R\000i\000e\000m\000a\000n\000n\000\040\000R\000e\000l\000a\000t\000i\000o\000n\000s}{}% 34
\BOOKMARK [1][-]{section.6.1}{\376\377\000G\000o\000r\000e\000n\000s\000t\000e\000i\000n\000\040\000r\000i\000n\000g\000\040\000a\000s\000s\000o\000c\000i\000a\000t\000e\000d\000\040\000t\000o\000\040\000a\000\040\000p\000o\000l\000y\000n\000o\000m\000i\000a\000l}{chapter.6}% 35
\BOOKMARK [1][-]{section.6.2}{\376\377\000L\000o\000c\000a\000l\000\040\000H\000o\000d\000g\000e\000-\000R\000i\000e\000m\000a\000n\000n\000\040\000R\000e\000l\000a\000t\000i\000o\000n\000s}{chapter.6}% 36
\BOOKMARK [1][-]{section.6.3}{\376\377\000T\000h\000e\000\040\000G\000o\000r\000e\000n\000s\000t\000e\000i\000n\000\040\000r\000i\000n\000g\000\040\000a\000s\000s\000o\000c\000i\000a\000t\000e\000d\000\040\000t\000o\000\040\000t\000h\000e\000\040\000b\000a\000s\000i\000s\000\040\000g\000e\000n\000e\000r\000a\000t\000i\000n\000g\000\040\000p\000o\000l\000y\000n\000o\000m\000i\000a\000l\000\040\000o\000f\000\040\000a\000\040\000m\000a\000t\000r\000o\000i\000d}{chapter.6}% 37
\BOOKMARK [1][-]{section.6.4}{\376\377\000H\000o\000d\000g\000e\000-\000R\000i\000e\000m\000a\000n\000n\000\040\000r\000e\000l\000a\000t\000i\000o\000n\000s\000\040\000o\000n\000\040\000t\000h\000e\000\040\000f\000a\000c\000e\000t\000s\000\040\000o\000f\000\040\000t\000h\000e\000\040\000p\000o\000s\000i\000t\000i\000v\000e\000\040\000o\000r\000t\000h\000a\000n\000t}{chapter.6}% 38
\BOOKMARK [2][-]{subsection.6.4.1}{\376\377\000G\000r\000a\000d\000e\000d\000\040\000M\000o\000b\000i\000u\000s\000\040\000A\000l\000g\000e\000b\000r\000a}{section.6.4}% 39
\BOOKMARK [0][-]{chapter.7}{\376\377\000A\000p\000p\000e\000n\000d\000i\000x}{}% 40
